
@Test
Scenario: TDBank Job Searchbox funtionality check with valid keywords # src/test/java/features/Career.feature:10
  Given I am on TDBank homepage                                       # stepDefinitions.CareerStepDefinition.i_am_on_td_bank_homepage()
  And I click on the Career tab                                       # stepDefinitions.CareerStepDefinition.i_click_on_the_career_tab()
  Then I enter "Quality Assurance" keyword in Job SearchBox           # stepDefinitions.CareerStepDefinition.iEnterKeywordInJobSearchBox(java.lang.String)
  And I enter "New York" in the location SearchBox                    # stepDefinitions.CareerStepDefinition.iEnterInTheLocationSearchBox(java.lang.String)
  When I click on search Button                                       # stepDefinitions.CareerStepDefinition.i_click_on_search_button()
  Then I Verify the "live Results" Text should Appear                 # stepDefinitions.CareerStepDefinition.iVerifyTheTextShouldAppear(java.lang.String)
      org.openqa.selenium.NoSuchElementException: Unable to locate element: //div[normalize-space(text()='Live Results')and @id='live-results'][1]
For documentation on this error, please visit: https://www.seleniumhq.org/exceptions/no_such_element.html
Build info: version: '3.141.59', revision: 'e82be7d358', time: '2018-11-14T08:17:03'
System info: host: 'DESKTOP-7830L1E', ip: '192.168.244.1', os.name: 'Windows 10', os.arch: 'amd64', os.version: '10.0', java.version: '11.0.10'
Driver info: org.openqa.selenium.firefox.FirefoxDriver
Capabilities {acceptInsecureCerts: true, browserName: firefox, browserVersion: 86.0.1, javascriptEnabled: true, moz:accessibilityChecks: false, moz:buildID: 20210310152336, moz:geckodriverVersion: 0.29.0, moz:headless: false, moz:processID: 39860, moz:profile: C:\Users\simar\AppData\Loca..., moz:shutdownTimeout: 60000, moz:useNonSpecCompliantPointerOrigin: false, moz:webdriverClick: true, pageLoadStrategy: normal, platform: WINDOWS, platformName: WINDOWS, platformVersion: 10.0, rotatable: false, setWindowRect: true, strictFileInteractability: false, timeouts: {implicit: 0, pageLoad: 300000, script: 30000}, unhandledPromptBehavior: dismiss and notify}
Session ID: 58b5b5e9-eb56-481d-bd55-5dcda6c63ee9
*** Element info: {Using=xpath, value=//div[normalize-space(text()='Live Results')and @id='live-results'][1]}
	at java.base/jdk.internal.reflect.NativeConstructorAccessorImpl.newInstance0(Native Method)
	at java.base/jdk.internal.reflect.NativeConstructorAccessorImpl.newInstance(NativeConstructorAccessorImpl.java:62)
	at java.base/jdk.internal.reflect.DelegatingConstructorAccessorImpl.newInstance(DelegatingConstructorAccessorImpl.java:45)
	at java.base/java.lang.reflect.Constructor.newInstance(Constructor.java:490)
	at org.openqa.selenium.remote.http.W3CHttpResponseCodec.createException(W3CHttpResponseCodec.java:187)
	at org.openqa.selenium.remote.http.W3CHttpResponseCodec.decode(W3CHttpResponseCodec.java:122)
	at org.openqa.selenium.remote.http.W3CHttpResponseCodec.decode(W3CHttpResponseCodec.java:49)
	at org.openqa.selenium.remote.HttpCommandExecutor.execute(HttpCommandExecutor.java:158)
	at org.openqa.selenium.remote.service.DriverCommandExecutor.execute(DriverCommandExecutor.java:83)
	at org.openqa.selenium.remote.RemoteWebDriver.execute(RemoteWebDriver.java:552)
	at org.openqa.selenium.remote.RemoteWebDriver.findElement(RemoteWebDriver.java:323)
	at org.openqa.selenium.remote.RemoteWebDriver.findElementByXPath(RemoteWebDriver.java:428)
	at org.openqa.selenium.By$ByXPath.findElement(By.java:353)
	at org.openqa.selenium.remote.RemoteWebDriver.findElement(RemoteWebDriver.java:315)
	at common.WebAPI.getTextByXpath(WebAPI.java:411)
	at tdBank.Career.verifySearchResultText(Career.java:55)
	at stepDefinitions.CareerStepDefinition.iVerifyTheTextShouldAppear(CareerStepDefinition.java:74)
	at ✽.I Verify the "live Results" Text should Appear(file:///C:/Puniya/Workspace/Intellij/BDDAutomationFramework_Team2/TDBank/src/test/java/features/Career.feature:15)


    Embedding Demo1 [image/png 1091476 bytes]


    Embedding Demo1 [image/png 1418653 bytes]


    Embedding demo1 [image/png 1475519 bytes]


    Embedding demo1 [image/png 1472378 bytes]


    Embedding demo1 [image/png 1272552 bytes]


@Test
Scenario: TDBank validate Retail Opportunities                                       # src/test/java/features/Career.feature:18
  Given I am on TDBank homepage                                                      # stepDefinitions.CareerStepDefinition.i_am_on_td_bank_homepage()
  And I click on the Career tab                                                      # stepDefinitions.CareerStepDefinition.i_click_on_the_career_tab()
  And I hover over Job Opportunities DropDown and I select Call Center Opportunities # stepDefinitions.CareerStepDefinition.iHoverOverJobOpportunitiesDropDownAndISelectCallCenterOpportunities()
      org.openqa.selenium.ElementNotInteractableException: Element <span class="avia-menu-text"> could not be scrolled into view
Build info: version: '3.141.59', revision: 'e82be7d358', time: '2018-11-14T08:17:03'
System info: host: 'DESKTOP-7830L1E', ip: '192.168.244.1', os.name: 'Windows 10', os.arch: 'amd64', os.version: '10.0', java.version: '11.0.10'
Driver info: org.openqa.selenium.firefox.FirefoxDriver
Capabilities {acceptInsecureCerts: true, browserName: firefox, browserVersion: 86.0.1, javascriptEnabled: true, moz:accessibilityChecks: false, moz:buildID: 20210310152336, moz:geckodriverVersion: 0.29.0, moz:headless: false, moz:processID: 37264, moz:profile: C:\Users\simar\AppData\Loca..., moz:shutdownTimeout: 60000, moz:useNonSpecCompliantPointerOrigin: false, moz:webdriverClick: true, pageLoadStrategy: normal, platform: WINDOWS, platformName: WINDOWS, platformVersion: 10.0, rotatable: false, setWindowRect: true, strictFileInteractability: false, timeouts: {implicit: 0, pageLoad: 300000, script: 30000}, unhandledPromptBehavior: dismiss and notify}
Session ID: 52360147-bca3-403a-92dd-8ce5cd127ba9
	at java.base/jdk.internal.reflect.NativeConstructorAccessorImpl.newInstance0(Native Method)
	at java.base/jdk.internal.reflect.NativeConstructorAccessorImpl.newInstance(NativeConstructorAccessorImpl.java:62)
	at java.base/jdk.internal.reflect.DelegatingConstructorAccessorImpl.newInstance(DelegatingConstructorAccessorImpl.java:45)
	at java.base/java.lang.reflect.Constructor.newInstance(Constructor.java:490)
	at org.openqa.selenium.remote.http.W3CHttpResponseCodec.createException(W3CHttpResponseCodec.java:187)
	at org.openqa.selenium.remote.http.W3CHttpResponseCodec.decode(W3CHttpResponseCodec.java:122)
	at org.openqa.selenium.remote.http.W3CHttpResponseCodec.decode(W3CHttpResponseCodec.java:49)
	at org.openqa.selenium.remote.HttpCommandExecutor.execute(HttpCommandExecutor.java:158)
	at org.openqa.selenium.remote.service.DriverCommandExecutor.execute(DriverCommandExecutor.java:83)
	at org.openqa.selenium.remote.RemoteWebDriver.execute(RemoteWebDriver.java:552)
	at org.openqa.selenium.remote.RemoteWebElement.execute(RemoteWebElement.java:285)
	at org.openqa.selenium.remote.RemoteWebElement.click(RemoteWebElement.java:84)
	at common.WebAPI.clickByXpath(WebAPI.java:325)
	at tdBank.Career.hoverJobOpportunities(Career.java:68)
	at stepDefinitions.CareerStepDefinition.iHoverOverJobOpportunitiesDropDownAndISelectCallCenterOpportunities(CareerStepDefinition.java:88)
	at ✽.I hover over Job Opportunities DropDown and I select Call Center Opportunities(file:///C:/Puniya/Workspace/Intellij/BDDAutomationFramework_Team2/TDBank/src/test/java/features/Career.feature:19)


    Embedding Demo1 [image/png 1439699 bytes]


    Embedding Demo1 [image/png 1187367 bytes]


    Embedding demo1 [image/png 1158770 bytes]


    Embedding demo1 [image/png 1093000 bytes]


    Embedding demo1 [image/png 1093184 bytes]

  Then I should see Call Center Opportunities                                        # stepDefinitions.CareerStepDefinition.iShouldSeeRetailJobOpportunities()
